<?xml version="1.0" encoding="UTF-8"?>
<!-- Generated by org.testng.reporters.JUnitXMLReporter -->
<testsuite hostname="Jykra-PC1" name="Test" tests="7" failures="1" timestamp="19 Jun 2020 06:57:48 GMT" time="164.846" errors="0">
  <testcase name="@BeforeMethod browserlaunch" time="0.0" classname="org.ytframework.testscripts.TC02">
    <failure type="org.openqa.selenium.WebDriverException" message="unknown error: cannot determine loading status
from disconnected: received Inspector.detached event
  (Session info: chrome=83.0.4103.106)
  (Driver info: chromedriver=83.0.4103.39 (ccbf011cb2d2b19b506d844400483861342c20cd-refs/branch-heads/4103@{#416}),platform=Windows NT 6.3.9600 x86_64) (WARNING: The server did not provide any stacktrace information)
Command duration or timeout: 739 milliseconds
Build info: version: &amp;apos;2.48.2&amp;apos;, revision: &amp;apos;41bccdd&amp;apos;, time: &amp;apos;2015-10-09 19:55:52&amp;apos;
System info: host: &amp;apos;Jykra-PC1&amp;apos;, ip: &amp;apos;192.168.225.125&amp;apos;, os.name: &amp;apos;Windows 8.1&amp;apos;, os.arch: &amp;apos;amd64&amp;apos;, os.version: &amp;apos;6.3&amp;apos;, java.version: &amp;apos;1.8.0_241&amp;apos;
Driver info: org.openqa.selenium.chrome.ChromeDriver
Capabilities [{mobileEmulationEnabled=false, timeouts={implicit=0, pageLoad=300000, script=30000}, hasTouchScreen=false, platform=XP, acceptSslCerts=false, goog:chromeOptions={debuggerAddress=localhost:53853}, acceptInsecureCerts=false, webStorageEnabled=true, browserName=chrome, takesScreenshot=true, javascriptEnabled=true, setWindowRect=true, unexpectedAlertBehaviour=ignore, applicationCacheEnabled=false, rotatable=false, networkConnectionEnabled=false, chrome={chromedriverVersion=83.0.4103.39 (ccbf011cb2d2b19b506d844400483861342c20cd-refs/branch-heads/4103@{#416}), userDataDir=C:\Users\JYKRAS~1\AppData\Local\Temp\scoped_dir6928_1695293042}, takesHeapSnapshot=true, pageLoadStrategy=normal, strictFileInteractability=false, databaseEnabled=false, handlesAlerts=true, version=83.0.4103.106, browserConnectionEnabled=false, proxy={}, nativeEvents=true, locationContextEnabled=true, cssSelectorsEnabled=true, webauthn:virtualAuthenticators=true}]
Session ID: 7c0bf59551ae6f147eb81ec46a751e02">
      <![CDATA[org.openqa.selenium.WebDriverException: unknown error: cannot determine loading status
from disconnected: received Inspector.detached event
  (Session info: chrome=83.0.4103.106)
  (Driver info: chromedriver=83.0.4103.39 (ccbf011cb2d2b19b506d844400483861342c20cd-refs/branch-heads/4103@{#416}),platform=Windows NT 6.3.9600 x86_64) (WARNING: The server did not provide any stacktrace information)
Command duration or timeout: 739 milliseconds
Build info: version: '2.48.2', revision: '41bccdd', time: '2015-10-09 19:55:52'
System info: host: 'Jykra-PC1', ip: '192.168.225.125', os.name: 'Windows 8.1', os.arch: 'amd64', os.version: '6.3', java.version: '1.8.0_241'
Driver info: org.openqa.selenium.chrome.ChromeDriver
Capabilities [{mobileEmulationEnabled=false, timeouts={implicit=0, pageLoad=300000, script=30000}, hasTouchScreen=false, platform=XP, acceptSslCerts=false, goog:chromeOptions={debuggerAddress=localhost:53853}, acceptInsecureCerts=false, webStorageEnabled=true, browserName=chrome, takesScreenshot=true, javascriptEnabled=true, setWindowRect=true, unexpectedAlertBehaviour=ignore, applicationCacheEnabled=false, rotatable=false, networkConnectionEnabled=false, chrome={chromedriverVersion=83.0.4103.39 (ccbf011cb2d2b19b506d844400483861342c20cd-refs/branch-heads/4103@{#416}), userDataDir=C:\Users\JYKRAS~1\AppData\Local\Temp\scoped_dir6928_1695293042}, takesHeapSnapshot=true, pageLoadStrategy=normal, strictFileInteractability=false, databaseEnabled=false, handlesAlerts=true, version=83.0.4103.106, browserConnectionEnabled=false, proxy={}, nativeEvents=true, locationContextEnabled=true, cssSelectorsEnabled=true, webauthn:virtualAuthenticators=true}]
Session ID: 7c0bf59551ae6f147eb81ec46a751e02
	at org.openqa.selenium.remote.ErrorHandler.createThrowable(ErrorHandler.java:206)
	at org.openqa.selenium.remote.ErrorHandler.throwIfResponseFailed(ErrorHandler.java:158)
	at org.openqa.selenium.remote.RemoteWebDriver.execute(RemoteWebDriver.java:647)
	at org.openqa.selenium.remote.RemoteWebDriver.get(RemoteWebDriver.java:311)
	at org.ytframework.base.Baseclass.browserlaunch(Baseclass.java:27)
... Removed 30 stack frames]]>
    </failure>
  </testcase> <!-- @BeforeMethod browserlaunch -->
  <testcase name="@AfterMethod browserclose" time="0.0" classname="org.ytframework.testscripts.TC02">
    <skipped/>
  </testcase> <!-- @AfterMethod browserclose -->
  <testcase name="@BeforeMethod browserlaunch" time="0.0" classname="org.ytframework.testscripts.TC03">
    <skipped/>
  </testcase> <!-- @BeforeMethod browserlaunch -->
  <testcase name="@AfterMethod browserclose" time="0.0" classname="org.ytframework.testscripts.TC03">
    <skipped/>
  </testcase> <!-- @AfterMethod browserclose -->
  <testcase name="@BeforeMethod browserlaunch" time="0.0" classname="org.ytframework.testscripts.TC04">
    <skipped/>
  </testcase> <!-- @BeforeMethod browserlaunch -->
  <testcase name="@AfterMethod browserclose" time="0.0" classname="org.ytframework.testscripts.TC04">
    <skipped/>
  </testcase> <!-- @AfterMethod browserclose -->
  <testcase name="@BeforeMethod browserlaunch" time="0.0" classname="org.ytframework.testscripts.TC05">
    <skipped/>
  </testcase> <!-- @BeforeMethod browserlaunch -->
  <testcase name="@AfterMethod browserclose" time="0.0" classname="org.ytframework.testscripts.TC05">
    <skipped/>
  </testcase> <!-- @AfterMethod browserclose -->
  <testcase name="@BeforeMethod browserlaunch" time="0.0" classname="org.ytframework.testscripts.TC06">
    <skipped/>
  </testcase> <!-- @BeforeMethod browserlaunch -->
  <testcase name="@AfterMethod browserclose" time="0.0" classname="org.ytframework.testscripts.TC06">
    <skipped/>
  </testcase> <!-- @AfterMethod browserclose -->
  <testcase name="@BeforeMethod browserlaunch" time="0.0" classname="org.ytframework.testscripts.TC07">
    <skipped/>
  </testcase> <!-- @BeforeMethod browserlaunch -->
  <testcase name="@AfterMethod browserclose" time="0.0" classname="org.ytframework.testscripts.TC07">
    <skipped/>
  </testcase> <!-- @AfterMethod browserclose -->
  <testcase name="testcase1" time="98.674" classname="org.ytframework.testscripts.TC01">
    <failure type="org.openqa.selenium.NoSuchElementException" message="no such element: Unable to locate element: {&amp;quot;method&amp;quot;:&amp;quot;xpath&amp;quot;,&amp;quot;selector&amp;quot;:&amp;quot;//a[@title=&amp;apos;Trending&amp;apos;]&amp;quot;}
  (Session info: chrome=83.0.4103.106)
  (Driver info: chromedriver=83.0.4103.39 (ccbf011cb2d2b19b506d844400483861342c20cd-refs/branch-heads/4103@{#416}),platform=Windows NT 6.3.9600 x86_64) (WARNING: The server did not provide any stacktrace information)
Command duration or timeout: 60.03 seconds
For documentation on this error, please visit: http://seleniumhq.org/exceptions/no_such_element.html
Build info: version: &amp;apos;2.48.2&amp;apos;, revision: &amp;apos;41bccdd&amp;apos;, time: &amp;apos;2015-10-09 19:55:52&amp;apos;
System info: host: &amp;apos;Jykra-PC1&amp;apos;, ip: &amp;apos;192.168.225.125&amp;apos;, os.name: &amp;apos;Windows 8.1&amp;apos;, os.arch: &amp;apos;amd64&amp;apos;, os.version: &amp;apos;6.3&amp;apos;, java.version: &amp;apos;1.8.0_241&amp;apos;
Driver info: org.openqa.selenium.chrome.ChromeDriver
Capabilities [{mobileEmulationEnabled=false, timeouts={implicit=0, pageLoad=300000, script=30000}, hasTouchScreen=false, platform=XP, acceptSslCerts=false, goog:chromeOptions={debuggerAddress=localhost:51151}, acceptInsecureCerts=false, webStorageEnabled=true, browserName=chrome, takesScreenshot=true, javascriptEnabled=true, setWindowRect=true, unexpectedAlertBehaviour=ignore, applicationCacheEnabled=false, rotatable=false, networkConnectionEnabled=false, chrome={chromedriverVersion=83.0.4103.39 (ccbf011cb2d2b19b506d844400483861342c20cd-refs/branch-heads/4103@{#416}), userDataDir=C:\Users\JYKRAS~1\AppData\Local\Temp\scoped_dir4924_1287731666}, takesHeapSnapshot=true, pageLoadStrategy=normal, strictFileInteractability=false, databaseEnabled=false, handlesAlerts=true, version=83.0.4103.106, browserConnectionEnabled=false, proxy={}, nativeEvents=true, locationContextEnabled=true, cssSelectorsEnabled=true, webauthn:virtualAuthenticators=true}]
Session ID: 39bfd42e884cbcbf31ec17bb3c8f23c1
*** Element info: {Using=xpath, value=//a[@title=&amp;apos;Trending&amp;apos;]}">
      <![CDATA[org.openqa.selenium.NoSuchElementException: no such element: Unable to locate element: {"method":"xpath","selector":"//a[@title='Trending']"}
  (Session info: chrome=83.0.4103.106)
  (Driver info: chromedriver=83.0.4103.39 (ccbf011cb2d2b19b506d844400483861342c20cd-refs/branch-heads/4103@{#416}),platform=Windows NT 6.3.9600 x86_64) (WARNING: The server did not provide any stacktrace information)
Command duration or timeout: 60.03 seconds
For documentation on this error, please visit: http://seleniumhq.org/exceptions/no_such_element.html
Build info: version: '2.48.2', revision: '41bccdd', time: '2015-10-09 19:55:52'
System info: host: 'Jykra-PC1', ip: '192.168.225.125', os.name: 'Windows 8.1', os.arch: 'amd64', os.version: '6.3', java.version: '1.8.0_241'
Driver info: org.openqa.selenium.chrome.ChromeDriver
Capabilities [{mobileEmulationEnabled=false, timeouts={implicit=0, pageLoad=300000, script=30000}, hasTouchScreen=false, platform=XP, acceptSslCerts=false, goog:chromeOptions={debuggerAddress=localhost:51151}, acceptInsecureCerts=false, webStorageEnabled=true, browserName=chrome, takesScreenshot=true, javascriptEnabled=true, setWindowRect=true, unexpectedAlertBehaviour=ignore, applicationCacheEnabled=false, rotatable=false, networkConnectionEnabled=false, chrome={chromedriverVersion=83.0.4103.39 (ccbf011cb2d2b19b506d844400483861342c20cd-refs/branch-heads/4103@{#416}), userDataDir=C:\Users\JYKRAS~1\AppData\Local\Temp\scoped_dir4924_1287731666}, takesHeapSnapshot=true, pageLoadStrategy=normal, strictFileInteractability=false, databaseEnabled=false, handlesAlerts=true, version=83.0.4103.106, browserConnectionEnabled=false, proxy={}, nativeEvents=true, locationContextEnabled=true, cssSelectorsEnabled=true, webauthn:virtualAuthenticators=true}]
Session ID: 39bfd42e884cbcbf31ec17bb3c8f23c1
*** Element info: {Using=xpath, value=//a[@title='Trending']}
	at org.openqa.selenium.remote.ErrorHandler.createThrowable(ErrorHandler.java:206)
	at org.openqa.selenium.remote.ErrorHandler.throwIfResponseFailed(ErrorHandler.java:158)
	at org.openqa.selenium.remote.RemoteWebDriver.execute(RemoteWebDriver.java:647)
	at org.openqa.selenium.remote.RemoteWebDriver.findElement(RemoteWebDriver.java:353)
	at org.openqa.selenium.remote.RemoteWebDriver.findElementByXPath(RemoteWebDriver.java:490)
	at org.openqa.selenium.By$ByXPath.findElement(By.java:361)
	at org.openqa.selenium.remote.RemoteWebDriver.findElement(RemoteWebDriver.java:345)
	at org.ytframework.testscripts.TC01.testcase1(TC01.java:48)
... Removed 28 stack frames]]>
    </failure>
  </testcase> <!-- testcase1 -->
  <testcase name="testcase2" time="0.002" classname="org.ytframework.testscripts.TC02">
    <skipped/>
  </testcase> <!-- testcase2 -->
  <testcase name="testcase3" time="0.001" classname="org.ytframework.testscripts.TC03">
    <skipped/>
  </testcase> <!-- testcase3 -->
  <testcase name="testcase4" time="0.002" classname="org.ytframework.testscripts.TC04">
    <skipped/>
  </testcase> <!-- testcase4 -->
  <testcase name="testcase5" time="0.003" classname="org.ytframework.testscripts.TC05">
    <skipped/>
  </testcase> <!-- testcase5 -->
  <testcase name="testcase6" time="0.001" classname="org.ytframework.testscripts.TC06">
    <skipped/>
  </testcase> <!-- testcase6 -->
  <testcase name="testcase7" time="0.003" classname="org.ytframework.testscripts.TC07">
    <skipped/>
  </testcase> <!-- testcase7 -->
</testsuite> <!-- Test -->
